{"D:\\justify-api2\\src\\app.ts": {"path":"D:\\justify-api2\\src\\app.ts","statementMap":{"0":{"start":{"line":1,"column":0},"end":{"line":1,"column":81}},"1":{"start":{"line":2,"column":0},"end":{"line":2,"column":48}},"2":{"start":{"line":3,"column":0},"end":{"line":3,"column":54}},"3":{"start":{"line":4,"column":0},"end":{"line":4,"column":81}},"4":{"start":{"line":6,"column":25},"end":{"line":6,"column":34}},"5":{"start":{"line":8,"column":0},"end":{"line":8,"column":24}},"6":{"start":{"line":9,"column":0},"end":{"line":9,"column":24}},"7":{"start":{"line":11,"column":0},"end":{"line":11,"column":28}},"8":{"start":{"line":12,"column":0},"end":{"line":12,"column":31}},"9":{"start":{"line":14,"column":0},"end":{"line":16,"column":3}},"10":{"start":{"line":15,"column":2},"end":{"line":15,"column":37}},"11":{"start":{"line":23,"column":0},"end":{"line":23,"column":25}},"12":{"start":{"line":24,"column":0},"end":{"line":24,"column":22}},"13":{"start":{"line":26,"column":0},"end":{"line":26,"column":19}}},"fnMap":{"0":{"name":"(anonymous_1)","decl":{"start":{"line":14,"column":13},"end":{"line":14,"column":14}},"loc":{"start":{"line":14,"column":45},"end":{"line":16,"column":1}}}},"branchMap":{},"s":{"0":3,"1":3,"2":3,"3":3,"4":3,"5":3,"6":3,"7":3,"8":3,"9":3,"10":0,"11":3,"12":3,"13":3},"f":{"0":0},"b":{}}
,"D:\\justify-api2\\src\\server.ts": {"path":"D:\\justify-api2\\src\\server.ts","statementMap":{"0":{"start":{"line":1,"column":0},"end":{"line":1,"column":27}},"1":{"start":{"line":3,"column":13},"end":{"line":3,"column":37}},"2":{"start":{"line":5,"column":0},"end":{"line":7,"column":3}},"3":{"start":{"line":6,"column":2},"end":{"line":6,"column":63}}},"fnMap":{"0":{"name":"(anonymous_1)","decl":{"start":{"line":5,"column":17},"end":{"line":5,"column":20}},"loc":{"start":{"line":5,"column":22},"end":{"line":7,"column":1}}}},"branchMap":{"0":{"loc":{"start":{"line":3,"column":13},"end":{"line":3,"column":37}},"type":"binary-expr","locations":[{"start":{"line":3,"column":13},"end":{"line":3,"column":29}},{"start":{"line":3,"column":33},"end":{"line":3,"column":37}}]}},"s":{"0":0,"1":0,"2":0,"3":0},"f":{"0":0},"b":{"0":[0,0]}}
,"D:\\justify-api2\\src\\store.ts": {"path":"D:\\justify-api2\\src\\store.ts","statementMap":{"0":{"start":{"line":3,"column":13},"end":{"line":3,"column":52}},"1":{"start":{"line":11,"column":13},"end":{"line":11,"column":56}}},"fnMap":{},"branchMap":{},"s":{"0":6,"1":6},"f":{},"b":{}}
,"D:\\justify-api2\\src\\controllers\\auth.controller.ts": {"path":"D:\\justify-api2\\src\\controllers\\auth.controller.ts","statementMap":{"0":{"start":{"line":2,"column":0},"end":{"line":2,"column":36}},"1":{"start":{"line":3,"column":0},"end":{"line":3,"column":41}},"2":{"start":{"line":4,"column":0},"end":{"line":4,"column":53}},"3":{"start":{"line":6,"column":29},"end":{"line":20,"column":1}},"4":{"start":{"line":7,"column":20},"end":{"line":7,"column":28}},"5":{"start":{"line":9,"column":2},"end":{"line":12,"column":3}},"6":{"start":{"line":10,"column":4},"end":{"line":10,"column":51}},"7":{"start":{"line":11,"column":4},"end":{"line":11,"column":11}},"8":{"start":{"line":16,"column":16},"end":{"line":16,"column":28}},"9":{"start":{"line":17,"column":2},"end":{"line":17,"column":31}},"10":{"start":{"line":19,"column":2},"end":{"line":19,"column":22}},"11":{"start":{"line":6,"column":13},"end":{"line":6,"column":29}}},"fnMap":{"0":{"name":"(anonymous_0)","decl":{"start":{"line":6,"column":29},"end":{"line":6,"column":30}},"loc":{"start":{"line":6,"column":87},"end":{"line":20,"column":1}}}},"branchMap":{"0":{"loc":{"start":{"line":9,"column":2},"end":{"line":12,"column":3}},"type":"if","locations":[{"start":{"line":9,"column":2},"end":{"line":12,"column":3}},{"start":{},"end":{}}]},"1":{"loc":{"start":{"line":9,"column":6},"end":{"line":9,"column":64}},"type":"binary-expr","locations":[{"start":{"line":9,"column":6},"end":{"line":9,"column":12}},{"start":{"line":9,"column":16},"end":{"line":9,"column":41}},{"start":{"line":9,"column":45},"end":{"line":9,"column":64}}]}},"s":{"0":3,"1":3,"2":3,"3":3,"4":7,"5":7,"6":4,"7":4,"8":3,"9":3,"10":3,"11":3},"f":{"0":7},"b":{"0":[4,3],"1":[7,4,3]}}
,"D:\\justify-api2\\src\\controllers\\justify.controller.ts": {"path":"D:\\justify-api2\\src\\controllers\\justify.controller.ts","statementMap":{"0":{"start":{"line":2,"column":0},"end":{"line":2,"column":56}},"1":{"start":{"line":3,"column":0},"end":{"line":3,"column":53}},"2":{"start":{"line":21,"column":23},"end":{"line":40,"column":1}},"3":{"start":{"line":24,"column":15},"end":{"line":24,"column":59}},"4":{"start":{"line":27,"column":2},"end":{"line":30,"column":3}},"5":{"start":{"line":28,"column":4},"end":{"line":28,"column":75}},"6":{"start":{"line":29,"column":4},"end":{"line":29,"column":11}},"7":{"start":{"line":34,"column":24},"end":{"line":34,"column":41}},"8":{"start":{"line":38,"column":2},"end":{"line":38,"column":46}},"9":{"start":{"line":39,"column":2},"end":{"line":39,"column":26}},"10":{"start":{"line":21,"column":13},"end":{"line":21,"column":23}}},"fnMap":{"0":{"name":"(anonymous_0)","decl":{"start":{"line":21,"column":23},"end":{"line":21,"column":24}},"loc":{"start":{"line":21,"column":81},"end":{"line":40,"column":1}}}},"branchMap":{"0":{"loc":{"start":{"line":24,"column":15},"end":{"line":24,"column":59}},"type":"cond-expr","locations":[{"start":{"line":24,"column":46},"end":{"line":24,"column":54}},{"start":{"line":24,"column":57},"end":{"line":24,"column":59}}]},"1":{"loc":{"start":{"line":27,"column":2},"end":{"line":30,"column":3}},"type":"if","locations":[{"start":{"line":27,"column":2},"end":{"line":30,"column":3}},{"start":{},"end":{}}]},"2":{"loc":{"start":{"line":27,"column":6},"end":{"line":27,"column":33}},"type":"binary-expr","locations":[{"start":{"line":27,"column":6},"end":{"line":27,"column":11}},{"start":{"line":27,"column":15},"end":{"line":27,"column":33}}]}},"s":{"0":3,"1":3,"2":3,"3":3,"4":3,"5":1,"6":1,"7":2,"8":2,"9":2,"10":3},"f":{"0":3},"b":{"0":[3,0],"1":[1,2],"2":[3,2]}}
,"D:\\justify-api2\\src\\middleware\\auth.middleware.ts": {"path":"D:\\justify-api2\\src\\middleware\\auth.middleware.ts","statementMap":{"0":{"start":{"line":3,"column":0},"end":{"line":3,"column":41}},"1":{"start":{"line":4,"column":0},"end":{"line":4,"column":55}},"2":{"start":{"line":31,"column":28},"end":{"line":104,"column":1}},"3":{"start":{"line":34,"column":21},"end":{"line":34,"column":46}},"4":{"start":{"line":38,"column":2},"end":{"line":41,"column":3}},"5":{"start":{"line":39,"column":4},"end":{"line":39,"column":93}},"6":{"start":{"line":40,"column":4},"end":{"line":40,"column":11}},"7":{"start":{"line":44,"column":16},"end":{"line":44,"column":46}},"8":{"start":{"line":48,"column":2},"end":{"line":62,"column":3}},"9":{"start":{"line":51,"column":4},"end":{"line":58,"column":5}},"10":{"start":{"line":52,"column":6},"end":{"line":56,"column":7}},"11":{"start":{"line":53,"column":8},"end":{"line":53,"column":94}},"12":{"start":{"line":55,"column":8},"end":{"line":55,"column":61}},"13":{"start":{"line":57,"column":6},"end":{"line":57,"column":13}},"14":{"start":{"line":60,"column":4},"end":{"line":60,"column":90}},"15":{"start":{"line":61,"column":4},"end":{"line":61,"column":11}},"16":{"start":{"line":64,"column":26},"end":{"line":64,"column":31}},"17":{"start":{"line":69,"column":2},"end":{"line":72,"column":3}},"18":{"start":{"line":70,"column":4},"end":{"line":70,"column":81}},"19":{"start":{"line":71,"column":4},"end":{"line":71,"column":11}},"20":{"start":{"line":76,"column":2},"end":{"line":79,"column":3}},"21":{"start":{"line":77,"column":4},"end":{"line":77,"column":57}},"22":{"start":{"line":78,"column":4},"end":{"line":78,"column":11}},"23":{"start":{"line":84,"column":2},"end":{"line":87,"column":3}},"24":{"start":{"line":85,"column":4},"end":{"line":85,"column":96}},"25":{"start":{"line":86,"column":4},"end":{"line":86,"column":11}},"26":{"start":{"line":91,"column":16},"end":{"line":91,"column":37}},"27":{"start":{"line":96,"column":2},"end":{"line":99,"column":4}},"28":{"start":{"line":103,"column":2},"end":{"line":103,"column":9}},"29":{"start":{"line":31,"column":13},"end":{"line":31,"column":28}}},"fnMap":{"0":{"name":"(anonymous_0)","decl":{"start":{"line":31,"column":28},"end":{"line":31,"column":29}},"loc":{"start":{"line":31,"column":86},"end":{"line":104,"column":1}}}},"branchMap":{"0":{"loc":{"start":{"line":38,"column":2},"end":{"line":41,"column":3}},"type":"if","locations":[{"start":{"line":38,"column":2},"end":{"line":41,"column":3}},{"start":{},"end":{}}]},"1":{"loc":{"start":{"line":48,"column":2},"end":{"line":62,"column":3}},"type":"if","locations":[{"start":{"line":48,"column":2},"end":{"line":62,"column":3}},{"start":{},"end":{}}]},"2":{"loc":{"start":{"line":51,"column":4},"end":{"line":58,"column":5}},"type":"if","locations":[{"start":{"line":51,"column":4},"end":{"line":58,"column":5}},{"start":{},"end":{}}]},"3":{"loc":{"start":{"line":51,"column":8},"end":{"line":51,"column":51}},"type":"binary-expr","locations":[{"start":{"line":51,"column":8},"end":{"line":51,"column":26}},{"start":{"line":51,"column":30},"end":{"line":51,"column":51}}]},"4":{"loc":{"start":{"line":52,"column":6},"end":{"line":56,"column":7}},"type":"if","locations":[{"start":{"line":52,"column":6},"end":{"line":56,"column":7}},{"start":{"line":54,"column":13},"end":{"line":56,"column":7}}]},"5":{"loc":{"start":{"line":69,"column":2},"end":{"line":72,"column":3}},"type":"if","locations":[{"start":{"line":69,"column":2},"end":{"line":72,"column":3}},{"start":{},"end":{}}]},"6":{"loc":{"start":{"line":76,"column":2},"end":{"line":79,"column":3}},"type":"if","locations":[{"start":{"line":76,"column":2},"end":{"line":79,"column":3}},{"start":{},"end":{}}]},"7":{"loc":{"start":{"line":76,"column":6},"end":{"line":76,"column":35}},"type":"binary-expr","locations":[{"start":{"line":76,"column":6},"end":{"line":76,"column":12}},{"start":{"line":76,"column":16},"end":{"line":76,"column":35}}]},"8":{"loc":{"start":{"line":84,"column":2},"end":{"line":87,"column":3}},"type":"if","locations":[{"start":{"line":84,"column":2},"end":{"line":87,"column":3}},{"start":{},"end":{}}]},"9":{"loc":{"start":{"line":97,"column":11},"end":{"line":97,"column":22}},"type":"binary-expr","locations":[{"start":{"line":97,"column":11},"end":{"line":97,"column":16}},{"start":{"line":97,"column":20},"end":{"line":97,"column":22}}]}},"s":{"0":4,"1":4,"2":4,"3":21,"4":21,"5":3,"6":3,"7":18,"8":18,"9":5,"10":3,"11":3,"12":0,"13":3,"14":2,"15":2,"16":13,"17":13,"18":2,"19":2,"20":11,"21":0,"22":0,"23":11,"24":3,"25":3,"26":8,"27":8,"28":8,"29":4},"f":{"0":21},"b":{"0":[3,18],"1":[5,13],"2":[3,2],"3":[5,4],"4":[3,0],"5":[2,11],"6":[0,11],"7":[11,11],"8":[3,8],"9":[8,0]}}
,"D:\\justify-api2\\src\\middleware\\error.middleware.ts": {"path":"D:\\justify-api2\\src\\middleware\\error.middleware.ts","statementMap":{"0":{"start":{"line":2,"column":0},"end":{"line":2,"column":46}},"1":{"start":{"line":26,"column":28},"end":{"line":61,"column":1}},"2":{"start":{"line":34,"column":19},"end":{"line":34,"column":22}},"3":{"start":{"line":35,"column":16},"end":{"line":35,"column":39}},"4":{"start":{"line":38,"column":2},"end":{"line":41,"column":3}},"5":{"start":{"line":39,"column":4},"end":{"line":39,"column":32}},"6":{"start":{"line":40,"column":4},"end":{"line":40,"column":26}},"7":{"start":{"line":45,"column":2},"end":{"line":53,"column":3}},"8":{"start":{"line":46,"column":4},"end":{"line":52,"column":7}},"9":{"start":{"line":57,"column":2},"end":{"line":60,"column":5}},"10":{"start":{"line":26,"column":13},"end":{"line":26,"column":28}},"11":{"start":{"line":67,"column":21},"end":{"line":78,"column":1}},"12":{"start":{"line":68,"column":45},"end":{"line":75,"column":4}},"13":{"start":{"line":77,"column":2},"end":{"line":77,"column":43}},"14":{"start":{"line":86,"column":31},"end":{"line":91,"column":1}},"15":{"start":{"line":87,"column":2},"end":{"line":90,"column":5}},"16":{"start":{"line":86,"column":13},"end":{"line":86,"column":31}}},"fnMap":{"0":{"name":"(anonymous_0)","decl":{"start":{"line":26,"column":28},"end":{"line":26,"column":null}},"loc":{"start":{"line":32,"column":10},"end":{"line":61,"column":1}}},"1":{"name":"(anonymous_1)","decl":{"start":{"line":67,"column":21},"end":{"line":67,"column":22}},"loc":{"start":{"line":67,"column":52},"end":{"line":78,"column":1}}},"2":{"name":"(anonymous_2)","decl":{"start":{"line":86,"column":31},"end":{"line":86,"column":32}},"loc":{"start":{"line":86,"column":69},"end":{"line":91,"column":1}}}},"branchMap":{"0":{"loc":{"start":{"line":38,"column":2},"end":{"line":41,"column":3}},"type":"if","locations":[{"start":{"line":38,"column":2},"end":{"line":41,"column":3}},{"start":{},"end":{}}]},"1":{"loc":{"start":{"line":45,"column":2},"end":{"line":53,"column":3}},"type":"if","locations":[{"start":{"line":45,"column":2},"end":{"line":53,"column":3}},{"start":{},"end":{}}]},"2":{"loc":{"start":{"line":77,"column":9},"end":{"line":77,"column":42}},"type":"binary-expr","locations":[{"start":{"line":77,"column":9},"end":{"line":77,"column":31}},{"start":{"line":77,"column":35},"end":{"line":77,"column":42}}]}},"s":{"0":5,"1":5,"2":20,"3":20,"4":20,"5":20,"6":20,"7":20,"8":0,"9":20,"10":5,"11":5,"12":20,"13":20,"14":5,"15":2,"16":5},"f":{"0":20,"1":20,"2":2},"b":{"0":[20,0],"1":[0,20],"2":[20,0]}}
,"D:\\justify-api2\\src\\middleware\\rate-limit.middleware.ts": {"path":"D:\\justify-api2\\src\\middleware\\rate-limit.middleware.ts","statementMap":{"0":{"start":{"line":2,"column":0},"end":{"line":2,"column":67}},"1":{"start":{"line":3,"column":0},"end":{"line":3,"column":77}},"2":{"start":{"line":11,"column":25},"end":{"line":41,"column":1}},"3":{"start":{"line":13,"column":15},"end":{"line":13,"column":59}},"4":{"start":{"line":17,"column":20},"end":{"line":20,"column":39}},"5":{"start":{"line":20,"column":19},"end":{"line":20,"column":31}},"6":{"start":{"line":24,"column":15},"end":{"line":24,"column":23}},"7":{"start":{"line":26,"column":2},"end":{"line":30,"column":3}},"8":{"start":{"line":28,"column":4},"end":{"line":28,"column":71}},"9":{"start":{"line":29,"column":4},"end":{"line":29,"column":11}},"10":{"start":{"line":33,"column":2},"end":{"line":38,"column":3}},"11":{"start":{"line":36,"column":4},"end":{"line":36,"column":81}},"12":{"start":{"line":37,"column":4},"end":{"line":37,"column":11}},"13":{"start":{"line":40,"column":2},"end":{"line":40,"column":9}},"14":{"start":{"line":11,"column":13},"end":{"line":11,"column":25}}},"fnMap":{"0":{"name":"(anonymous_0)","decl":{"start":{"line":11,"column":25},"end":{"line":11,"column":26}},"loc":{"start":{"line":11,"column":83},"end":{"line":41,"column":1}}},"1":{"name":"(anonymous_1)","decl":{"start":{"line":20,"column":12},"end":{"line":20,"column":13}},"loc":{"start":{"line":20,"column":19},"end":{"line":20,"column":31}}}},"branchMap":{"0":{"loc":{"start":{"line":13,"column":15},"end":{"line":13,"column":59}},"type":"cond-expr","locations":[{"start":{"line":13,"column":46},"end":{"line":13,"column":54}},{"start":{"line":13,"column":57},"end":{"line":13,"column":59}}]},"1":{"loc":{"start":{"line":26,"column":2},"end":{"line":30,"column":3}},"type":"if","locations":[{"start":{"line":26,"column":2},"end":{"line":30,"column":3}},{"start":{},"end":{}}]},"2":{"loc":{"start":{"line":26,"column":6},"end":{"line":26,"column":26}},"type":"binary-expr","locations":[{"start":{"line":26,"column":6},"end":{"line":26,"column":11}},{"start":{"line":26,"column":15},"end":{"line":26,"column":26}}]},"3":{"loc":{"start":{"line":33,"column":2},"end":{"line":38,"column":3}},"type":"if","locations":[{"start":{"line":33,"column":2},"end":{"line":38,"column":3}},{"start":{},"end":{}}]}},"s":{"0":4,"1":4,"2":4,"3":7,"4":7,"5":164,"6":7,"7":7,"8":0,"9":0,"10":7,"11":2,"12":2,"13":5,"14":4},"f":{"0":7,"1":164},"b":{"0":[7,0],"1":[0,7],"2":[7,7],"3":[2,5]}}
,"D:\\justify-api2\\src\\routes\\auth.route.ts": {"path":"D:\\justify-api2\\src\\routes\\auth.route.ts","statementMap":{"0":{"start":{"line":1,"column":0},"end":{"line":1,"column":33}},"1":{"start":{"line":2,"column":0},"end":{"line":2,"column":66}},"2":{"start":{"line":4,"column":15},"end":{"line":4,"column":23}},"3":{"start":{"line":6,"column":0},"end":{"line":6,"column":37}},"4":{"start":{"line":8,"column":0},"end":{"line":8,"column":22}}},"fnMap":{},"branchMap":{},"s":{"0":3,"1":3,"2":3,"3":3,"4":3},"f":{},"b":{}}
,"D:\\justify-api2\\src\\routes\\justify.route.ts": {"path":"D:\\justify-api2\\src\\routes\\justify.route.ts","statementMap":{"0":{"start":{"line":1,"column":0},"end":{"line":1,"column":33}},"1":{"start":{"line":2,"column":0},"end":{"line":2,"column":64}},"2":{"start":{"line":3,"column":0},"end":{"line":3,"column":67}},"3":{"start":{"line":4,"column":0},"end":{"line":4,"column":63}},"4":{"start":{"line":6,"column":15},"end":{"line":6,"column":23}},"5":{"start":{"line":28,"column":0},"end":{"line":28,"column":58}},"6":{"start":{"line":30,"column":0},"end":{"line":30,"column":22}}},"fnMap":{},"branchMap":{},"s":{"0":3,"1":3,"2":3,"3":3,"4":3,"5":3,"6":3},"f":{},"b":{}}
,"D:\\justify-api2\\src\\services\\rate-limit.service.ts": {"path":"D:\\justify-api2\\src\\services\\rate-limit.service.ts","statementMap":{"0":{"start":{"line":1,"column":0},"end":{"line":1,"column":41}},"1":{"start":{"line":3,"column":13},"end":{"line":3,"column":39}},"2":{"start":{"line":14,"column":23},"end":{"line":14,"column":81}},"3":{"start":{"line":14,"column":37},"end":{"line":14,"column":81}},"4":{"start":{"line":24,"column":30},"end":{"line":53,"column":1}},"5":{"start":{"line":25,"column":16},"end":{"line":25,"column":32}},"6":{"start":{"line":26,"column":16},"end":{"line":26,"column":37}},"7":{"start":{"line":31,"column":2},"end":{"line":42,"column":3}},"8":{"start":{"line":33,"column":4},"end":{"line":35,"column":5}},"9":{"start":{"line":34,"column":6},"end":{"line":34,"column":19}},"10":{"start":{"line":37,"column":4},"end":{"line":40,"column":7}},"11":{"start":{"line":41,"column":4},"end":{"line":41,"column":16}},"12":{"start":{"line":45,"column":2},"end":{"line":47,"column":3}},"13":{"start":{"line":46,"column":4},"end":{"line":46,"column":17}},"14":{"start":{"line":50,"column":2},"end":{"line":50,"column":27}},"15":{"start":{"line":51,"column":2},"end":{"line":51,"column":31}},"16":{"start":{"line":52,"column":2},"end":{"line":52,"column":14}},"17":{"start":{"line":24,"column":13},"end":{"line":24,"column":30}}},"fnMap":{"0":{"name":"(anonymous_0)","decl":{"start":{"line":14,"column":23},"end":{"line":14,"column":34}},"loc":{"start":{"line":14,"column":37},"end":{"line":14,"column":81}}},"1":{"name":"(anonymous_1)","decl":{"start":{"line":24,"column":30},"end":{"line":24,"column":31}},"loc":{"start":{"line":24,"column":76},"end":{"line":53,"column":1}}}},"branchMap":{"0":{"loc":{"start":{"line":14,"column":37},"end":{"line":14,"column":81}},"type":"binary-expr","locations":[{"start":{"line":14,"column":37},"end":{"line":14,"column":75}},{"start":{"line":14,"column":79},"end":{"line":14,"column":81}}]},"1":{"loc":{"start":{"line":31,"column":2},"end":{"line":42,"column":3}},"type":"if","locations":[{"start":{"line":31,"column":2},"end":{"line":42,"column":3}},{"start":{},"end":{}}]},"2":{"loc":{"start":{"line":31,"column":6},"end":{"line":31,"column":41}},"type":"binary-expr","locations":[{"start":{"line":31,"column":6},"end":{"line":31,"column":12}},{"start":{"line":31,"column":16},"end":{"line":31,"column":41}}]},"3":{"loc":{"start":{"line":33,"column":4},"end":{"line":35,"column":5}},"type":"if","locations":[{"start":{"line":33,"column":4},"end":{"line":35,"column":5}},{"start":{},"end":{}}]},"4":{"loc":{"start":{"line":45,"column":2},"end":{"line":47,"column":3}},"type":"if","locations":[{"start":{"line":45,"column":2},"end":{"line":47,"column":3}},{"start":{},"end":{}}]}},"s":{"0":5,"1":5,"2":5,"3":13,"4":5,"5":13,"6":13,"7":13,"8":9,"9":1,"10":8,"11":8,"12":4,"13":3,"14":1,"15":1,"16":1,"17":5},"f":{"0":13,"1":13},"b":{"0":[13,0],"1":[9,4],"2":[13,5],"3":[1,8],"4":[3,1]}}
,"D:\\justify-api2\\src\\utils\\errors.ts": {"path":"D:\\justify-api2\\src\\utils\\errors.ts","statementMap":{"0":{"start":{"line":24,"column":4},"end":{"line":24,"column":19}},"1":{"start":{"line":25,"column":4},"end":{"line":25,"column":33}},"2":{"start":{"line":26,"column":4},"end":{"line":26,"column":39}},"3":{"start":{"line":29,"column":4},"end":{"line":29,"column":52}},"4":{"start":{"line":19,"column":0},"end":{"line":19,"column":13}},"5":{"start":{"line":39,"column":4},"end":{"line":39,"column":24}},"6":{"start":{"line":37,"column":0},"end":{"line":37,"column":13}},"7":{"start":{"line":49,"column":4},"end":{"line":49,"column":24}},"8":{"start":{"line":47,"column":0},"end":{"line":47,"column":13}},"9":{"start":{"line":59,"column":4},"end":{"line":59,"column":24}},"10":{"start":{"line":57,"column":0},"end":{"line":57,"column":13}},"11":{"start":{"line":69,"column":4},"end":{"line":69,"column":24}},"12":{"start":{"line":67,"column":0},"end":{"line":67,"column":13}},"13":{"start":{"line":79,"column":4},"end":{"line":79,"column":31}},"14":{"start":{"line":77,"column":0},"end":{"line":77,"column":13}}},"fnMap":{"0":{"name":"(anonymous_0)","decl":{"start":{"line":23,"column":2},"end":{"line":23,"column":14}},"loc":{"start":{"line":23,"column":71},"end":{"line":30,"column":3}}},"1":{"name":"(anonymous_1)","decl":{"start":{"line":38,"column":2},"end":{"line":38,"column":14}},"loc":{"start":{"line":38,"column":37},"end":{"line":40,"column":3}}},"2":{"name":"(anonymous_2)","decl":{"start":{"line":48,"column":2},"end":{"line":48,"column":14}},"loc":{"start":{"line":48,"column":38},"end":{"line":50,"column":3}}},"3":{"name":"(anonymous_3)","decl":{"start":{"line":58,"column":2},"end":{"line":58,"column":14}},"loc":{"start":{"line":58,"column":42},"end":{"line":60,"column":3}}},"4":{"name":"(anonymous_4)","decl":{"start":{"line":68,"column":2},"end":{"line":68,"column":14}},"loc":{"start":{"line":68,"column":35},"end":{"line":70,"column":3}}},"5":{"name":"(anonymous_5)","decl":{"start":{"line":78,"column":2},"end":{"line":78,"column":14}},"loc":{"start":{"line":78,"column":47},"end":{"line":80,"column":3}}}},"branchMap":{"0":{"loc":{"start":{"line":23,"column":51},"end":{"line":23,"column":71}},"type":"default-arg","locations":[{"start":{"line":23,"column":67},"end":{"line":23,"column":71}}]},"1":{"loc":{"start":{"line":38,"column":14},"end":{"line":38,"column":37}},"type":"default-arg","locations":[{"start":{"line":38,"column":24},"end":{"line":38,"column":37}}]},"2":{"loc":{"start":{"line":48,"column":14},"end":{"line":48,"column":38}},"type":"default-arg","locations":[{"start":{"line":48,"column":24},"end":{"line":48,"column":38}}]},"3":{"loc":{"start":{"line":58,"column":14},"end":{"line":58,"column":42}},"type":"default-arg","locations":[{"start":{"line":58,"column":24},"end":{"line":58,"column":42}}]},"4":{"loc":{"start":{"line":68,"column":14},"end":{"line":68,"column":35}},"type":"default-arg","locations":[{"start":{"line":68,"column":24},"end":{"line":68,"column":35}}]},"5":{"loc":{"start":{"line":78,"column":14},"end":{"line":78,"column":47}},"type":"default-arg","locations":[{"start":{"line":78,"column":24},"end":{"line":78,"column":47}}]}},"s":{"0":20,"1":20,"2":20,"3":20,"4":5,"5":5,"6":5,"7":13,"8":5,"9":2,"10":5,"11":0,"12":5,"13":0,"14":5},"f":{"0":20,"1":5,"2":13,"3":2,"4":0,"5":0},"b":{"0":[20],"1":[0],"2":[0],"3":[0],"4":[0],"5":[0]}}
,"D:\\justify-api2\\src\\utils\\textJustifier.ts": {"path":"D:\\justify-api2\\src\\utils\\textJustifier.ts","statementMap":{"0":{"start":{"line":9,"column":24},"end":{"line":9,"column":26}},"1":{"start":{"line":18,"column":20},"end":{"line":58,"column":1}},"2":{"start":{"line":21,"column":2},"end":{"line":23,"column":3}},"3":{"start":{"line":22,"column":4},"end":{"line":22,"column":26}},"4":{"start":{"line":26,"column":28},"end":{"line":26,"column":59}},"5":{"start":{"line":29,"column":15},"end":{"line":29,"column":31}},"6":{"start":{"line":32,"column":23},"end":{"line":32,"column":59}},"7":{"start":{"line":36,"column":20},"end":{"line":36,"column":44}},"8":{"start":{"line":38,"column":13},"end":{"line":38,"column":15}},"9":{"start":{"line":40,"column":2},"end":{"line":55,"column":3}},"10":{"start":{"line":40,"column":15},"end":{"line":40,"column":16}},"11":{"start":{"line":41,"column":4},"end":{"line":41,"column":21}},"12":{"start":{"line":44,"column":4},"end":{"line":54,"column":5}},"13":{"start":{"line":46,"column":6},"end":{"line":46,"column":39}},"14":{"start":{"line":50,"column":6},"end":{"line":53,"column":7}},"15":{"start":{"line":51,"column":8},"end":{"line":51,"column":20}},"16":{"start":{"line":52,"column":8},"end":{"line":52,"column":22}},"17":{"start":{"line":57,"column":2},"end":{"line":57,"column":14}},"18":{"start":{"line":67,"column":27},"end":{"line":116,"column":1}},"19":{"start":{"line":68,"column":2},"end":{"line":70,"column":3}},"20":{"start":{"line":69,"column":4},"end":{"line":69,"column":14}},"21":{"start":{"line":73,"column":21},"end":{"line":73,"column":69}},"22":{"start":{"line":73,"column":53},"end":{"line":73,"column":68}},"23":{"start":{"line":75,"column":30},"end":{"line":113,"column":4}},"24":{"start":{"line":77,"column":18},"end":{"line":77,"column":47}},"25":{"start":{"line":79,"column":4},"end":{"line":81,"column":5}},"26":{"start":{"line":80,"column":6},"end":{"line":80,"column":16}},"27":{"start":{"line":83,"column":28},"end":{"line":83,"column":30}},"28":{"start":{"line":84,"column":37},"end":{"line":84,"column":39}},"29":{"start":{"line":85,"column":28},"end":{"line":85,"column":29}},"30":{"start":{"line":87,"column":4},"end":{"line":105,"column":5}},"31":{"start":{"line":88,"column":26},"end":{"line":88,"column":61}},"32":{"start":{"line":90,"column":6},"end":{"line":104,"column":7}},"33":{"start":{"line":91,"column":8},"end":{"line":91,"column":36}},"34":{"start":{"line":92,"column":8},"end":{"line":92,"column":55}},"35":{"start":{"line":95,"column":8},"end":{"line":99,"column":9}},"36":{"start":{"line":97,"column":12},"end":{"line":97,"column":61}},"37":{"start":{"line":98,"column":10},"end":{"line":98,"column":73}},"38":{"start":{"line":102,"column":8},"end":{"line":102,"column":34}},"39":{"start":{"line":103,"column":8},"end":{"line":103,"column":40}},"40":{"start":{"line":108,"column":4},"end":{"line":110,"column":5}},"41":{"start":{"line":109,"column":6},"end":{"line":109,"column":45}},"42":{"start":{"line":112,"column":4},"end":{"line":112,"column":28}},"43":{"start":{"line":115,"column":2},"end":{"line":115,"column":64}},"44":{"start":{"line":115,"column":43},"end":{"line":115,"column":51}},"45":{"start":{"line":67,"column":13},"end":{"line":67,"column":27}}},"fnMap":{"0":{"name":"(anonymous_0)","decl":{"start":{"line":18,"column":20},"end":{"line":18,"column":21}},"loc":{"start":{"line":18,"column":71},"end":{"line":58,"column":1}}},"1":{"name":"(anonymous_1)","decl":{"start":{"line":67,"column":27},"end":{"line":67,"column":28}},"loc":{"start":{"line":67,"column":52},"end":{"line":116,"column":1}}},"2":{"name":"(anonymous_2)","decl":{"start":{"line":73,"column":46},"end":{"line":73,"column":47}},"loc":{"start":{"line":73,"column":53},"end":{"line":73,"column":68}}},"3":{"name":"(anonymous_3)","decl":{"start":{"line":75,"column":45},"end":{"line":75,"column":46}},"loc":{"start":{"line":75,"column":59},"end":{"line":113,"column":3}}},"4":{"name":"(anonymous_4)","decl":{"start":{"line":115,"column":36},"end":{"line":115,"column":37}},"loc":{"start":{"line":115,"column":43},"end":{"line":115,"column":51}}}},"branchMap":{"0":{"loc":{"start":{"line":21,"column":2},"end":{"line":23,"column":3}},"type":"if","locations":[{"start":{"line":21,"column":2},"end":{"line":23,"column":3}},{"start":{},"end":{}}]},"1":{"loc":{"start":{"line":22,"column":11},"end":{"line":22,"column":25}},"type":"binary-expr","locations":[{"start":{"line":22,"column":11},"end":{"line":22,"column":19}},{"start":{"line":22,"column":23},"end":{"line":22,"column":25}}]},"2":{"loc":{"start":{"line":44,"column":4},"end":{"line":54,"column":5}},"type":"if","locations":[{"start":{"line":44,"column":4},"end":{"line":54,"column":5}},{"start":{},"end":{}}]},"3":{"loc":{"start":{"line":50,"column":6},"end":{"line":53,"column":7}},"type":"if","locations":[{"start":{"line":50,"column":6},"end":{"line":53,"column":7}},{"start":{},"end":{}}]},"4":{"loc":{"start":{"line":68,"column":2},"end":{"line":70,"column":3}},"type":"if","locations":[{"start":{"line":68,"column":2},"end":{"line":70,"column":3}},{"start":{},"end":{}}]},"5":{"loc":{"start":{"line":68,"column":6},"end":{"line":68,"column":33}},"type":"binary-expr","locations":[{"start":{"line":68,"column":6},"end":{"line":68,"column":11}},{"start":{"line":68,"column":15},"end":{"line":68,"column":33}}]},"6":{"loc":{"start":{"line":79,"column":4},"end":{"line":81,"column":5}},"type":"if","locations":[{"start":{"line":79,"column":4},"end":{"line":81,"column":5}},{"start":{},"end":{}}]},"7":{"loc":{"start":{"line":79,"column":8},"end":{"line":79,"column":69}},"type":"binary-expr","locations":[{"start":{"line":79,"column":8},"end":{"line":79,"column":26}},{"start":{"line":79,"column":31},"end":{"line":79,"column":49}},{"start":{"line":79,"column":53},"end":{"line":79,"column":68}}]},"8":{"loc":{"start":{"line":88,"column":26},"end":{"line":88,"column":61}},"type":"cond-expr","locations":[{"start":{"line":88,"column":56},"end":{"line":88,"column":57}},{"start":{"line":88,"column":60},"end":{"line":88,"column":61}}]},"9":{"loc":{"start":{"line":90,"column":6},"end":{"line":104,"column":7}},"type":"if","locations":[{"start":{"line":90,"column":6},"end":{"line":104,"column":7}},{"start":{"line":93,"column":13},"end":{"line":104,"column":7}}]},"10":{"loc":{"start":{"line":95,"column":8},"end":{"line":99,"column":9}},"type":"if","locations":[{"start":{"line":95,"column":8},"end":{"line":99,"column":9}},{"start":{},"end":{}}]},"11":{"loc":{"start":{"line":108,"column":4},"end":{"line":110,"column":5}},"type":"if","locations":[{"start":{"line":108,"column":4},"end":{"line":110,"column":5}},{"start":{},"end":{}}]}},"s":{"0":4,"1":4,"2":7,"3":0,"4":7,"5":7,"6":7,"7":7,"8":7,"9":7,"10":7,"11":89,"12":89,"13":82,"14":82,"15":36,"16":36,"17":7,"18":4,"19":9,"20":2,"21":7,"22":8,"23":7,"24":8,"25":8,"26":0,"27":8,"28":8,"29":8,"30":8,"31":114,"32":114,"33":106,"34":106,"35":8,"36":7,"37":7,"38":8,"39":8,"40":8,"41":8,"42":8,"43":7,"44":8,"45":4},"f":{"0":7,"1":9,"2":8,"3":8,"4":8},"b":{"0":[0,7],"1":[0,0],"2":[82,7],"3":[36,46],"4":[2,7],"5":[9,8],"6":[0,8],"7":[8,8,1],"8":[106,8],"9":[106,8],"10":[7,1],"11":[8,0]}}
}
