TN:
SF:src\app.ts
FN:14,(anonymous_1)
FNF:1
FNH:0
FNDA:0,(anonymous_1)
DA:1,3
DA:2,3
DA:3,3
DA:4,3
DA:6,3
DA:8,3
DA:9,3
DA:11,3
DA:12,3
DA:14,3
DA:15,0
DA:23,3
DA:24,3
DA:26,3
LF:14
LH:13
BRF:0
BRH:0
end_of_record
TN:
SF:src\server.ts
FN:5,(anonymous_1)
FNF:1
FNH:0
FNDA:0,(anonymous_1)
DA:1,0
DA:3,0
DA:5,0
DA:6,0
LF:4
LH:0
BRDA:3,0,0,0
BRDA:3,0,1,0
BRF:2
BRH:0
end_of_record
TN:
SF:src\store.ts
FNF:0
FNH:0
DA:3,6
DA:11,6
LF:2
LH:2
BRF:0
BRH:0
end_of_record
TN:
SF:src\controllers\auth.controller.ts
FN:6,(anonymous_0)
FNF:1
FNH:1
FNDA:7,(anonymous_0)
DA:2,3
DA:3,3
DA:4,3
DA:6,3
DA:7,7
DA:9,7
DA:10,4
DA:11,4
DA:16,3
DA:17,3
DA:19,3
LF:11
LH:11
BRDA:9,0,0,4
BRDA:9,0,1,3
BRDA:9,1,0,7
BRDA:9,1,1,4
BRDA:9,1,2,3
BRF:5
BRH:5
end_of_record
TN:
SF:src\controllers\justify.controller.ts
FN:21,(anonymous_0)
FNF:1
FNH:1
FNDA:3,(anonymous_0)
DA:2,3
DA:3,3
DA:21,3
DA:24,3
DA:27,3
DA:28,1
DA:29,1
DA:34,2
DA:38,2
DA:39,2
LF:10
LH:10
BRDA:24,0,0,3
BRDA:24,0,1,0
BRDA:27,1,0,1
BRDA:27,1,1,2
BRDA:27,2,0,3
BRDA:27,2,1,2
BRF:6
BRH:5
end_of_record
TN:
SF:src\middleware\auth.middleware.ts
FN:31,(anonymous_0)
FNF:1
FNH:1
FNDA:21,(anonymous_0)
DA:3,4
DA:4,4
DA:31,4
DA:34,21
DA:38,21
DA:39,3
DA:40,3
DA:44,18
DA:48,18
DA:51,5
DA:52,3
DA:53,3
DA:55,0
DA:57,3
DA:60,2
DA:61,2
DA:64,13
DA:69,13
DA:70,2
DA:71,2
DA:76,11
DA:77,0
DA:78,0
DA:84,11
DA:85,3
DA:86,3
DA:91,8
DA:96,8
DA:103,8
LF:29
LH:26
BRDA:38,0,0,3
BRDA:38,0,1,18
BRDA:48,1,0,5
BRDA:48,1,1,13
BRDA:51,2,0,3
BRDA:51,2,1,2
BRDA:51,3,0,5
BRDA:51,3,1,4
BRDA:52,4,0,3
BRDA:52,4,1,0
BRDA:69,5,0,2
BRDA:69,5,1,11
BRDA:76,6,0,0
BRDA:76,6,1,11
BRDA:76,7,0,11
BRDA:76,7,1,11
BRDA:84,8,0,3
BRDA:84,8,1,8
BRDA:97,9,0,8
BRDA:97,9,1,0
BRF:20
BRH:17
end_of_record
TN:
SF:src\middleware\error.middleware.ts
FN:26,(anonymous_0)
FN:67,(anonymous_1)
FN:86,(anonymous_2)
FNF:3
FNH:3
FNDA:20,(anonymous_0)
FNDA:20,(anonymous_1)
FNDA:2,(anonymous_2)
DA:2,5
DA:26,5
DA:34,20
DA:35,20
DA:38,20
DA:39,20
DA:40,20
DA:45,20
DA:46,0
DA:57,20
DA:67,5
DA:68,20
DA:77,20
DA:86,5
DA:87,2
LF:15
LH:14
BRDA:38,0,0,20
BRDA:38,0,1,0
BRDA:45,1,0,0
BRDA:45,1,1,20
BRDA:77,2,0,20
BRDA:77,2,1,0
BRF:6
BRH:3
end_of_record
TN:
SF:src\middleware\rate-limit.middleware.ts
FN:11,(anonymous_0)
FN:20,(anonymous_1)
FNF:2
FNH:2
FNDA:7,(anonymous_0)
FNDA:164,(anonymous_1)
DA:2,4
DA:3,4
DA:11,4
DA:13,7
DA:17,7
DA:20,164
DA:24,7
DA:26,7
DA:28,0
DA:29,0
DA:33,7
DA:36,2
DA:37,2
DA:40,5
LF:14
LH:12
BRDA:13,0,0,7
BRDA:13,0,1,0
BRDA:26,1,0,0
BRDA:26,1,1,7
BRDA:26,2,0,7
BRDA:26,2,1,7
BRDA:33,3,0,2
BRDA:33,3,1,5
BRF:8
BRH:6
end_of_record
TN:
SF:src\routes\auth.route.ts
FNF:0
FNH:0
DA:1,3
DA:2,3
DA:4,3
DA:6,3
DA:8,3
LF:5
LH:5
BRF:0
BRH:0
end_of_record
TN:
SF:src\routes\justify.route.ts
FNF:0
FNH:0
DA:1,3
DA:2,3
DA:3,3
DA:4,3
DA:6,3
DA:28,3
DA:30,3
LF:7
LH:7
BRF:0
BRH:0
end_of_record
TN:
SF:src\services\rate-limit.service.ts
FN:14,(anonymous_0)
FN:24,(anonymous_1)
FNF:2
FNH:2
FNDA:13,(anonymous_0)
FNDA:13,(anonymous_1)
DA:1,5
DA:3,5
DA:14,13
DA:24,5
DA:25,13
DA:26,13
DA:31,13
DA:33,9
DA:34,1
DA:37,8
DA:41,8
DA:45,4
DA:46,3
DA:50,1
DA:51,1
DA:52,1
LF:16
LH:16
BRDA:14,0,0,13
BRDA:14,0,1,0
BRDA:31,1,0,9
BRDA:31,1,1,4
BRDA:31,2,0,13
BRDA:31,2,1,5
BRDA:33,3,0,1
BRDA:33,3,1,8
BRDA:45,4,0,3
BRDA:45,4,1,1
BRF:10
BRH:9
end_of_record
TN:
SF:src\utils\errors.ts
FN:23,(anonymous_0)
FN:38,(anonymous_1)
FN:48,(anonymous_2)
FN:58,(anonymous_3)
FN:68,(anonymous_4)
FN:78,(anonymous_5)
FNF:6
FNH:4
FNDA:20,(anonymous_0)
FNDA:5,(anonymous_1)
FNDA:13,(anonymous_2)
FNDA:2,(anonymous_3)
FNDA:0,(anonymous_4)
FNDA:0,(anonymous_5)
DA:19,5
DA:24,20
DA:25,20
DA:26,20
DA:29,20
DA:37,5
DA:39,5
DA:47,5
DA:49,13
DA:57,5
DA:59,2
DA:67,5
DA:69,0
DA:77,5
DA:79,0
LF:15
LH:13
BRDA:23,0,0,20
BRDA:38,1,0,0
BRDA:48,2,0,0
BRDA:58,3,0,0
BRDA:68,4,0,0
BRDA:78,5,0,0
BRF:6
BRH:1
end_of_record
TN:
SF:src\utils\textJustifier.ts
FN:18,(anonymous_0)
FN:67,(anonymous_1)
FN:73,(anonymous_2)
FN:75,(anonymous_3)
FN:115,(anonymous_4)
FNF:5
FNH:5
FNDA:7,(anonymous_0)
FNDA:9,(anonymous_1)
FNDA:8,(anonymous_2)
FNDA:8,(anonymous_3)
FNDA:8,(anonymous_4)
DA:9,4
DA:18,4
DA:21,7
DA:22,0
DA:26,7
DA:29,7
DA:32,7
DA:36,7
DA:38,7
DA:40,7
DA:41,89
DA:44,89
DA:46,82
DA:50,82
DA:51,36
DA:52,36
DA:57,7
DA:67,4
DA:68,9
DA:69,2
DA:73,8
DA:75,7
DA:77,8
DA:79,8
DA:80,0
DA:83,8
DA:84,8
DA:85,8
DA:87,8
DA:88,114
DA:90,114
DA:91,106
DA:92,106
DA:95,8
DA:97,7
DA:98,7
DA:102,8
DA:103,8
DA:108,8
DA:109,8
DA:112,8
DA:115,8
LF:42
LH:40
BRDA:21,0,0,0
BRDA:21,0,1,7
BRDA:22,1,0,0
BRDA:22,1,1,0
BRDA:44,2,0,82
BRDA:44,2,1,7
BRDA:50,3,0,36
BRDA:50,3,1,46
BRDA:68,4,0,2
BRDA:68,4,1,7
BRDA:68,5,0,9
BRDA:68,5,1,8
BRDA:79,6,0,0
BRDA:79,6,1,8
BRDA:79,7,0,8
BRDA:79,7,1,8
BRDA:79,7,2,1
BRDA:88,8,0,106
BRDA:88,8,1,8
BRDA:90,9,0,106
BRDA:90,9,1,8
BRDA:95,10,0,7
BRDA:95,10,1,1
BRDA:108,11,0,8
BRDA:108,11,1,0
BRF:25
BRH:20
end_of_record
